[4mRunning "serve" task[24m

[4mRunning "clean:server" (clean) task[24m
Cleaning .tmp...[32mOK[39m

[4mRunning "env:all" (env) task[24m

[4mRunning "injector:stylus" (injector) task[24m
[90mMissing option `template`, using `dest` as template instead[39m
Injecting [32mstyl[39m files [90m(2 files)[39m
[32m>> [39mNothing changed

[4mRunning "concurrent:server" (concurrent) task[24m
    
    [4mRunning "coffee:server" (coffee) task[24m
    File .tmp/app/app.js created.
    File .tmp/app/app.js.map created (source map).
    File .tmp/app/main/main.js created.
    File .tmp/app/main/main.js.map created (source map).
    File .tmp/components/modal/modal.js created.
    File .tmp/components/modal/modal.js.map created (source map).
    File .tmp/components/navbar/navbar.js created.
    File .tmp/components/navbar/navbar.js.map created (source map).
    
    [32mDone, without errors.[39m
    
    
    Execution Time (2015-07-22 16:17:52 UTC)
    loading tasks  229ms  ▇▇▇▇▇▇▇▇▇▇▇▇▇▇ 29%
    coffee:server  571ms  ▇▇▇▇▇▇▇▇▇▇▇▇▇▇▇▇▇▇▇▇▇▇▇▇▇▇▇▇▇▇▇▇▇▇ 71%
    Total 801ms
        
    [4mRunning "stylus:server" (stylus) task[24m
    [32m>> [39m1 file created.
    
    [32mDone, without errors.[39m
    
    
    Execution Time (2015-07-22 16:17:52 UTC)
    loading tasks  226ms  ▇▇▇▇▇▇▇▇▇▇▇ 22%
    stylus:server  803ms  ▇▇▇▇▇▇▇▇▇▇▇▇▇▇▇▇▇▇▇▇▇▇▇▇▇▇▇▇▇▇▇▇▇▇▇▇▇ 78%
    Total 1s
        
    [4mRunning "jade:compile" (jade) task[24m
    File .tmp/app/main/main.html created.
    File .tmp/components/modal/modal.html created.
    File .tmp/components/navbar/navbar.html created.
    
    [32mDone, without errors.[39m
    
    
    Execution Time (2015-07-22 16:17:52 UTC)
    loading tasks  144ms  ▇▇▇▇▇▇ 11%
    jade:compile    1.1s  ▇▇▇▇▇▇▇▇▇▇▇▇▇▇▇▇▇▇▇▇▇▇▇▇▇▇▇▇▇▇▇▇▇▇▇▇▇▇▇▇▇▇ 89%
    Total 1.3s
    
[4mRunning "injector:scripts" (injector) task[24m
[90mMissing option `template`, using `dest` as template instead[39m
Injecting [32mjs[39m files [90m(3 files)[39m
[32m>> [39mNothing changed

[4mRunning "injector:stylus" (injector) task[24m
[90mMissing option `template`, using `dest` as template instead[39m
Injecting [32mstyl[39m files [90m(2 files)[39m
[32m>> [39mNothing changed

[4mRunning "injector:css" (injector) task[24m
[90mMissing option `template`, using `dest` as template instead[39m
[32m>> [39mNothing changed

[4mRunning "wiredep:target" (wiredep) task[24m

jquery-timer was not injected in your file.
Please go take a look in "/home/jpadkins/Documents/Work/website/webapp/client/bower_components/jquery-timer" for the file you need, then manually include it in your file.

[4mRunning "autoprefixer:dist" (autoprefixer) task[24m
File .tmp/app/app.css created.

[4mRunning "express:dev" (express) task[24m
[36mStarting [39mbackground Express server
Debugger listening on port 5858
Express server listening on 9000, in development mode

[4mRunning "wait" task[24m
[32m>> [39mWaiting for server reload...
Done waiting!

[4mRunning "open:server" (open) task[24m

[4mRunning "watch" task[24m
Waiting...
[32m>> [39mFile "client/app/main/main.styl" changed.
[4mRunning "injector:stylus" (injector) task[24m
[90mMissing option `template`, using `dest` as template instead[39m
Injecting [32mstyl[39m files [90m(2 files)[39m
[32m>> [39mNothing changed

[32mDone, without errors.[39m


Execution Time (2015-07-22 16:23:51 UTC)
loading tasks    148ms  ▇▇▇▇▇▇▇▇▇▇▇▇▇▇▇▇▇▇▇▇▇▇▇▇▇▇▇▇▇▇▇▇▇▇▇▇▇▇▇ 86%
injector:stylus   24ms  ▇▇▇▇▇▇▇ 14%
Total 173ms

[4mRunning "stylus:server" (stylus) task[24m
[32m>> [39m1 file created.

[4mRunning "autoprefixer:dist" (autoprefixer) task[24m
File .tmp/app/app.css created.

[32mDone, without errors.[39m


Execution Time (2015-07-22 16:23:52 UTC)
loading tasks      150ms  ▇▇▇▇▇▇ 13%
stylus:server      634ms  ▇▇▇▇▇▇▇▇▇▇▇▇▇▇▇▇▇▇▇▇▇▇▇▇ 55%
autoprefixer:dist  376ms  ▇▇▇▇▇▇▇▇▇▇▇▇▇▇ 32%
Total 1.2s

[36mCompleted in 3.812s at Wed Jul 22 2015 11:23:53 GMT-0500 (CDT)[39m - Waiting...
[32m>> [39mFile ".tmp/app/app.css" changed.
[36mCompleted in 0.000s at Wed Jul 22 2015 11:23:54 GMT-0500 (CDT)[39m - Waiting...
[32m>> [39mFile "client/app/main/main.styl" changed.
[4mRunning "injector:stylus" (injector) task[24m
[90mMissing option `template`, using `dest` as template instead[39m
Injecting [32mstyl[39m files [90m(2 files)[39m
[32m>> [39mNothing changed

[32mDone, without errors.[39m


Execution Time (2015-07-22 16:24:15 UTC)
loading tasks    157ms  ▇▇▇▇▇▇▇▇▇▇▇▇▇▇▇▇▇▇▇▇▇▇▇▇▇▇▇▇▇▇▇▇▇▇▇▇▇▇▇ 85%
injector:stylus   26ms  ▇▇▇▇▇▇▇ 14%
Total 184ms

[4mRunning "stylus:server" (stylus) task[24m
[32m>> [39m1 file created.

[4mRunning "autoprefixer:dist" (autoprefixer) task[24m
File .tmp/app/app.css created.

[32mDone, without errors.[39m


Execution Time (2015-07-22 16:24:16 UTC)
loading tasks      241ms  ▇▇▇▇▇▇▇▇▇ 19%
stylus:server      667ms  ▇▇▇▇▇▇▇▇▇▇▇▇▇▇▇▇▇▇▇▇▇▇▇ 52%
autoprefixer:dist  372ms  ▇▇▇▇▇▇▇▇▇▇▇▇▇ 29%
Total 1.3s

[36mCompleted in 4.462s at Wed Jul 22 2015 11:24:17 GMT-0500 (CDT)[39m - Waiting...
[32m>> [39mFile ".tmp/app/app.css" changed.
[36mCompleted in 0.000s at Wed Jul 22 2015 11:24:18 GMT-0500 (CDT)[39m - Waiting...
[32m>> [39mFile "client/app/main/main.styl" changed.
[4mRunning "injector:stylus" (injector) task[24m
[90mMissing option `template`, using `dest` as template instead[39m
Injecting [32mstyl[39m files [90m(2 files)[39m
[32m>> [39mNothing changed

[32mDone, without errors.[39m


Execution Time (2015-07-22 17:31:17 UTC)
loading tasks    161ms  ▇▇▇▇▇▇▇▇▇▇▇▇▇▇▇▇▇▇▇▇▇▇▇▇▇▇▇▇▇▇▇▇▇▇▇▇▇▇▇ 86%
injector:stylus   26ms  ▇▇▇▇▇▇▇ 14%
Total 188ms

[4mRunning "stylus:server" (stylus) task[24m
[32m>> [39m1 file created.

[4mRunning "autoprefixer:dist" (autoprefixer) task[24m
File .tmp/app/app.css created.

[32mDone, without errors.[39m


Execution Time (2015-07-22 17:31:18 UTC)
loading tasks      163ms  ▇▇▇▇▇▇ 14%
stylus:server      650ms  ▇▇▇▇▇▇▇▇▇▇▇▇▇▇▇▇▇▇▇▇▇▇▇▇ 54%
autoprefixer:dist  388ms  ▇▇▇▇▇▇▇▇▇▇▇▇▇▇ 32%
Total 1.2s

[36mCompleted in 3.956s at Wed Jul 22 2015 12:31:19 GMT-0500 (CDT)[39m - Waiting...
[32m>> [39mFile ".tmp/app/app.css" changed.
[32m>> [39mFile "client/app/main/main.styl" changed.
[4mRunning "injector:stylus" (injector) task[24m
[90mMissing option `template`, using `dest` as template instead[39m
Injecting [32mstyl[39m files [90m(2 files)[39m
[32m>> [39mNothing changed

[32mDone, without errors.[39m


Execution Time (2015-07-22 17:31:42 UTC)
loading tasks    156ms  ▇▇▇▇▇▇▇▇▇▇▇▇▇▇▇▇▇▇▇▇▇▇▇▇▇▇▇▇▇▇▇▇▇▇▇▇▇▇▇ 85%
injector:stylus   27ms  ▇▇▇▇▇▇▇ 15%
Total 184ms

[4mRunning "stylus:server" (stylus) task[24m
[32m>> [39m1 file created.

[4mRunning "autoprefixer:dist" (autoprefixer) task[24m
File .tmp/app/app.css created.

[32mDone, without errors.[39m


Execution Time (2015-07-22 17:31:42 UTC)
loading tasks      164ms  ▇▇▇▇▇▇ 14%
stylus:server      647ms  ▇▇▇▇▇▇▇▇▇▇▇▇▇▇▇▇▇▇▇▇▇▇▇▇ 55%
autoprefixer:dist  368ms  ▇▇▇▇▇▇▇▇▇▇▇▇▇▇ 31%
Total 1.2s

[36mCompleted in 3.986s at Wed Jul 22 2015 12:31:44 GMT-0500 (CDT)[39m - Waiting...
[32m>> [39mFile ".tmp/app/app.css" changed.
[32m>> [39mFile "client/app/main/main.styl" changed.
[4mRunning "injector:stylus" (injector) task[24m
[90mMissing option `template`, using `dest` as template instead[39m
Injecting [32mstyl[39m files [90m(2 files)[39m
[32m>> [39mNothing changed

[32mDone, without errors.[39m


Execution Time (2015-07-22 17:31:52 UTC)
loading tasks    136ms  ▇▇▇▇▇▇▇▇▇▇▇▇▇▇▇▇▇▇▇▇▇▇▇▇▇▇▇▇▇▇▇▇▇▇▇▇▇▇▇▇ 87%
injector:stylus   20ms  ▇▇▇▇▇▇ 13%
Total 156ms

[4mRunning "stylus:server" (stylus) task[24m
[32m>> [39m1 file created.

[4mRunning "autoprefixer:dist" (autoprefixer) task[24m
File .tmp/app/app.css created.

[32mDone, without errors.[39m


Execution Time (2015-07-22 17:31:53 UTC)
loading tasks      146ms  ▇▇▇▇▇ 11%
stylus:server      805ms  ▇▇▇▇▇▇▇▇▇▇▇▇▇▇▇▇▇▇▇▇▇▇▇▇▇▇ 59%
autoprefixer:dist  422ms  ▇▇▇▇▇▇▇▇▇▇▇▇▇▇ 31%
Total 1.4s

[36mCompleted in 4.073s at Wed Jul 22 2015 12:31:54 GMT-0500 (CDT)[39m - Waiting...
[32m>> [39mFile ".tmp/app/app.css" changed.
[36mCompleted in 0.000s at Wed Jul 22 2015 12:31:55 GMT-0500 (CDT)[39m - Waiting...
[32m>> [39mFile "client/app/main/main.styl" changed.
[4mRunning "injector:stylus" (injector) task[24m
[90mMissing option `template`, using `dest` as template instead[39m
Injecting [32mstyl[39m files [90m(2 files)[39m
[32m>> [39mNothing changed

[32mDone, without errors.[39m


Execution Time (2015-07-22 17:31:57 UTC)
loading tasks    139ms  ▇▇▇▇▇▇▇▇▇▇▇▇▇▇▇▇▇▇▇▇▇▇▇▇▇▇▇▇▇▇▇▇▇▇▇▇▇▇▇ 85%
injector:stylus   23ms  ▇▇▇▇▇▇▇ 14%
Total 163ms

[4mRunning "stylus:server" (stylus) task[24m
[32m>> [39m1 file created.

[4mRunning "autoprefixer:dist" (autoprefixer) task[24m
File .tmp/app/app.css created.

[32mDone, without errors.[39m


Execution Time (2015-07-22 17:31:58 UTC)
loading tasks      147ms  ▇▇▇▇▇▇ 13%
stylus:server      643ms  ▇▇▇▇▇▇▇▇▇▇▇▇▇▇▇▇▇▇▇▇▇▇▇▇ 56%
autoprefixer:dist  365ms  ▇▇▇▇▇▇▇▇▇▇▇▇▇▇ 32%
Total 1.2s

[36mCompleted in 3.725s at Wed Jul 22 2015 12:31:59 GMT-0500 (CDT)[39m - Waiting...
[32m>> [39mFile ".tmp/app/app.css" changed.
[36mCompleted in 0.000s at Wed Jul 22 2015 12:31:59 GMT-0500 (CDT)[39m - Waiting...
[32m>> [39mFile "client/app/main/main.styl" changed.
[4mRunning "injector:stylus" (injector) task[24m
[90mMissing option `template`, using `dest` as template instead[39m
Injecting [32mstyl[39m files [90m(2 files)[39m
[32m>> [39mNothing changed

[32mDone, without errors.[39m


Execution Time (2015-07-22 17:50:24 UTC)
loading tasks    147ms  ▇▇▇▇▇▇▇▇▇▇▇▇▇▇▇▇▇▇▇▇▇▇▇▇▇▇▇▇▇▇▇▇▇▇▇▇▇▇▇▇ 87%
injector:stylus   21ms  ▇▇▇▇▇▇ 12%
Total 169ms

[4mRunning "stylus:server" (stylus) task[24m
[32m>> [39m1 file created.

[4mRunning "autoprefixer:dist" (autoprefixer) task[24m
File .tmp/app/app.css created.

[32mDone, without errors.[39m


Execution Time (2015-07-22 17:50:25 UTC)
loading tasks      144ms  ▇▇▇▇▇▇ 12%
stylus:server      627ms  ▇▇▇▇▇▇▇▇▇▇▇▇▇▇▇▇▇▇▇▇▇▇▇▇ 54%
autoprefixer:dist  386ms  ▇▇▇▇▇▇▇▇▇▇▇▇▇▇▇ 33%
Total 1.2s

[36mCompleted in 3.757s at Wed Jul 22 2015 12:50:26 GMT-0500 (CDT)[39m - Waiting...
[32m>> [39mFile ".tmp/app/app.css" changed.
[36mCompleted in 0.000s at Wed Jul 22 2015 12:50:26 GMT-0500 (CDT)[39m - Waiting...
[32m>> [39mFile "client/app/main/main.jade" changed.
[4mRunning "jade:compile" (jade) task[24m
File .tmp/app/main/main.html created.
File .tmp/components/modal/modal.html created.
File .tmp/components/navbar/navbar.html created.

[32mDone, without errors.[39m


Execution Time (2015-07-22 17:58:39 UTC)
loading tasks  220ms  ▇▇▇▇▇▇▇▇▇ 18%
jade:compile   998ms  ▇▇▇▇▇▇▇▇▇▇▇▇▇▇▇▇▇▇▇▇▇▇▇▇▇▇▇▇▇▇▇▇▇▇▇▇▇▇▇ 82%
Total 1.2s

[36mCompleted in 1.619s at Wed Jul 22 2015 12:58:40 GMT-0500 (CDT)[39m - Waiting...
[32m>> [39mFile ".tmp/app/main/main.html" changed.
[32m>> [39mFile ".tmp/components/modal/modal.html" changed.
[32m>> [39mFile ".tmp/components/navbar/navbar.html" changed.
[36mCompleted in 0.000s at Wed Jul 22 2015 12:58:40 GMT-0500 (CDT)[39m - Waiting...
[32m>> [39mFile "client/app/main/main.jade" changed.
[4mRunning "jade:compile" (jade) task[24m
File .tmp/app/main/main.html created.
File .tmp/components/modal/modal.html created.
File .tmp/components/navbar/navbar.html created.

[32mDone, without errors.[39m


Execution Time (2015-07-22 17:58:57 UTC)
loading tasks  157ms  ▇▇▇▇▇▇▇ 15%
jade:compile   921ms  ▇▇▇▇▇▇▇▇▇▇▇▇▇▇▇▇▇▇▇▇▇▇▇▇▇▇▇▇▇▇▇▇▇▇▇▇▇▇▇▇▇ 85%
Total 1.1s

[36mCompleted in 1.531s at Wed Jul 22 2015 12:58:58 GMT-0500 (CDT)[39m - Waiting...
[32m>> [39mFile ".tmp/components/navbar/navbar.html" changed.
[32m>> [39mFile ".tmp/components/modal/modal.html" changed.
[32m>> [39mFile ".tmp/app/main/main.html" changed.
[36mCompleted in 0.000s at Wed Jul 22 2015 12:58:59 GMT-0500 (CDT)[39m - Waiting...
[32m>> [39mFile "client/app/main/main.jade" changed.
[4mRunning "jade:compile" (jade) task[24m
File .tmp/app/main/main.html created.
File .tmp/components/modal/modal.html created.
File .tmp/components/navbar/navbar.html created.

[32mDone, without errors.[39m


Execution Time (2015-07-22 18:00:27 UTC)
loading tasks  128ms  ▇▇▇▇▇▇▇ 13%
jade:compile   850ms  ▇▇▇▇▇▇▇▇▇▇▇▇▇▇▇▇▇▇▇▇▇▇▇▇▇▇▇▇▇▇▇▇▇▇▇▇▇▇▇▇▇ 87%
Total 979ms

[36mCompleted in 1.416s at Wed Jul 22 2015 13:00:28 GMT-0500 (CDT)[39m - Waiting...
[32m>> [39mFile ".tmp/app/main/main.html" changed.
[32m>> [39mFile ".tmp/components/navbar/navbar.html" changed.
[32m>> [39mFile ".tmp/components/modal/modal.html" changed.
[36mCompleted in 0.000s at Wed Jul 22 2015 13:00:28 GMT-0500 (CDT)[39m - Waiting...
[90mGET /app/bootstrap.css.map [33m404 [90m729ms[0m
[32m>> [39mFile "client/app/main/main.styl" changed.
[4mRunning "injector:stylus" (injector) task[24m
[90mMissing option `template`, using `dest` as template instead[39m
Injecting [32mstyl[39m files [90m(2 files)[39m
[32m>> [39mNothing changed

[32mDone, without errors.[39m


Execution Time (2015-07-22 18:02:44 UTC)
loading tasks    178ms  ▇▇▇▇▇▇▇▇▇▇▇▇▇▇▇▇▇▇▇▇▇▇▇▇▇▇▇▇▇▇▇▇▇▇▇▇▇▇ 84%
injector:stylus   32ms  ▇▇▇▇▇▇▇ 15%
Total 211ms

[4mRunning "stylus:server" (stylus) task[24m
[32m>> [39m1 file created.

[4mRunning "autoprefixer:dist" (autoprefixer) task[24m
File .tmp/app/app.css created.

[32mDone, without errors.[39m


Execution Time (2015-07-22 18:02:45 UTC)
loading tasks      172ms  ▇▇▇▇▇▇ 12%
stylus:server      761ms  ▇▇▇▇▇▇▇▇▇▇▇▇▇▇▇▇▇▇▇▇▇▇▇▇ 55%
autoprefixer:dist  455ms  ▇▇▇▇▇▇▇▇▇▇▇▇▇▇▇ 33%
Total 1.4s

[36mCompleted in 4.566s at Wed Jul 22 2015 13:02:46 GMT-0500 (CDT)[39m - Waiting...
[32m>> [39mFile ".tmp/app/app.css" changed.
[32m>> [39mFile "client/app/main/main.styl" changed.
[4mRunning "injector:stylus" (injector) task[24m
[90mMissing option `template`, using `dest` as template instead[39m
Injecting [32mstyl[39m files [90m(2 files)[39m
[32m>> [39mNothing changed

[32mDone, without errors.[39m


Execution Time (2015-07-22 18:02:56 UTC)
loading tasks    163ms  ▇▇▇▇▇▇▇▇▇▇▇▇▇▇▇▇▇▇▇▇▇▇▇▇▇▇▇▇▇▇▇▇▇▇▇▇▇▇▇▇ 87%
injector:stylus   23ms  ▇▇▇▇▇▇ 12%
Total 187ms

[4mRunning "stylus:server" (stylus) task[24m
[32m>> [39m1 file created.

[4mRunning "autoprefixer:dist" (autoprefixer) task[24m
File .tmp/app/app.css created.

[32mDone, without errors.[39m


Execution Time (2015-07-22 18:02:56 UTC)
loading tasks      215ms  ▇▇▇▇▇▇▇▇ 17%
stylus:server      674ms  ▇▇▇▇▇▇▇▇▇▇▇▇▇▇▇▇▇▇▇▇▇▇▇ 53%
autoprefixer:dist  375ms  ▇▇▇▇▇▇▇▇▇▇▇▇▇ 30%
Total 1.3s

[36mCompleted in 4.431s at Wed Jul 22 2015 13:02:58 GMT-0500 (CDT)[39m - Waiting...
[32m>> [39mFile ".tmp/app/app.css" changed.
[36mCompleted in 0.000s at Wed Jul 22 2015 13:02:58 GMT-0500 (CDT)[39m - Waiting...
[32m>> [39mFile "client/app/main/main.styl" changed.
[4mRunning "injector:stylus" (injector) task[24m
[90mMissing option `template`, using `dest` as template instead[39m
Injecting [32mstyl[39m files [90m(2 files)[39m
[32m>> [39mNothing changed

[32mDone, without errors.[39m


Execution Time (2015-07-22 18:04:21 UTC)
loading tasks    158ms  ▇▇▇▇▇▇▇▇▇▇▇▇▇▇▇▇▇▇▇▇▇▇▇▇▇▇▇▇▇▇▇▇▇▇▇▇▇▇▇ 84%
injector:stylus   28ms  ▇▇▇▇▇▇▇ 15%
Total 187ms

[4mRunning "stylus:server" (stylus) task[24m
[32m>> [39m1 file created.

[4mRunning "autoprefixer:dist" (autoprefixer) task[24m
File .tmp/app/app.css created.

[32mDone, without errors.[39m


Execution Time (2015-07-22 18:04:22 UTC)
loading tasks      148ms  ▇▇▇▇▇▇ 13%
stylus:server      637ms  ▇▇▇▇▇▇▇▇▇▇▇▇▇▇▇▇▇▇▇▇▇▇▇▇ 55%
autoprefixer:dist  368ms  ▇▇▇▇▇▇▇▇▇▇▇▇▇▇ 32%
Total 1.2s

[36mCompleted in 3.934s at Wed Jul 22 2015 13:04:23 GMT-0500 (CDT)[39m - Waiting...
[32m>> [39mFile ".tmp/app/app.css" changed.
[36mCompleted in 0.000s at Wed Jul 22 2015 13:04:23 GMT-0500 (CDT)[39m - Waiting...
[32m>> [39mFile "client/app/main/main.styl" changed.
[4mRunning "injector:stylus" (injector) task[24m
[90mMissing option `template`, using `dest` as template instead[39m
Injecting [32mstyl[39m files [90m(2 files)[39m
[32m>> [39mNothing changed

[32mDone, without errors.[39m


Execution Time (2015-07-22 18:04:37 UTC)
loading tasks    172ms  ▇▇▇▇▇▇▇▇▇▇▇▇▇▇▇▇▇▇▇▇▇▇▇▇▇▇▇▇▇▇▇▇▇▇▇▇▇▇▇ 85%
injector:stylus   29ms  ▇▇▇▇▇▇▇ 14%
Total 202ms

[4mRunning "stylus:server" (stylus) task[24m
[32m>> [39m1 file created.

[4mRunning "autoprefixer:dist" (autoprefixer) task[24m
File .tmp/app/app.css created.

[32mDone, without errors.[39m


Execution Time (2015-07-22 18:04:38 UTC)
loading tasks      163ms  ▇▇▇▇▇▇ 13%
stylus:server      672ms  ▇▇▇▇▇▇▇▇▇▇▇▇▇▇▇▇▇▇▇▇▇▇▇ 53%
autoprefixer:dist  437ms  ▇▇▇▇▇▇▇▇▇▇▇▇▇▇▇ 34%
Total 1.3s

[36mCompleted in 4.223s at Wed Jul 22 2015 13:04:39 GMT-0500 (CDT)[39m - Waiting...
[32m>> [39mFile ".tmp/app/app.css" changed.
[36mCompleted in 0.000s at Wed Jul 22 2015 13:04:39 GMT-0500 (CDT)[39m - Waiting...
[32m>> [39mFile "client/app/main/main.styl" changed.
[4mRunning "injector:stylus" (injector) task[24m
[90mMissing option `template`, using `dest` as template instead[39m
Injecting [32mstyl[39m files [90m(2 files)[39m
[32m>> [39mNothing changed

[32mDone, without errors.[39m


Execution Time (2015-07-22 18:04:51 UTC)
loading tasks    145ms  ▇▇▇▇▇▇▇▇▇▇▇▇▇▇▇▇▇▇▇▇▇▇▇▇▇▇▇▇▇▇▇▇▇▇▇▇▇▇▇▇ 88%
injector:stylus   19ms  ▇▇▇▇▇▇ 12%
Total 165ms

[4mRunning "stylus:server" (stylus) task[24m
[32m>> [39m1 file created.

[4mRunning "autoprefixer:dist" (autoprefixer) task[24m
File .tmp/app/app.css created.

[32mDone, without errors.[39m


Execution Time (2015-07-22 18:04:51 UTC)
loading tasks      151ms  ▇▇▇▇▇▇ 13%
stylus:server      661ms  ▇▇▇▇▇▇▇▇▇▇▇▇▇▇▇▇▇▇▇▇▇▇▇▇▇ 56%
autoprefixer:dist  358ms  ▇▇▇▇▇▇▇▇▇▇▇▇▇▇ 31%
Total 1.2s

[36mCompleted in 3.668s at Wed Jul 22 2015 13:04:53 GMT-0500 (CDT)[39m - Waiting...
[32m>> [39mFile ".tmp/app/app.css" changed.
[32m>> [39mFile "client/app/main/main.styl" changed.
[4mRunning "injector:stylus" (injector) task[24m
[90mMissing option `template`, using `dest` as template instead[39m
Injecting [32mstyl[39m files [90m(2 files)[39m
[32m>> [39mNothing changed

[32mDone, without errors.[39m


Execution Time (2015-07-22 18:05:14 UTC)
loading tasks    185ms  ▇▇▇▇▇▇▇▇▇▇▇▇▇▇▇▇▇▇▇▇▇▇▇▇▇▇▇▇▇▇▇▇▇▇▇▇▇▇▇▇▇ 89%
injector:stylus   21ms  ▇▇▇▇▇ 10%
Total 207ms

[4mRunning "stylus:server" (stylus) task[24m
[32m>> [39m1 file created.

[4mRunning "autoprefixer:dist" (autoprefixer) task[24m
File .tmp/app/app.css created.

[32mDone, without errors.[39m


Execution Time (2015-07-22 18:05:15 UTC)
loading tasks      168ms  ▇▇▇▇▇▇▇ 14%
stylus:server      644ms  ▇▇▇▇▇▇▇▇▇▇▇▇▇▇▇▇▇▇▇▇▇▇▇▇ 54%
autoprefixer:dist  373ms  ▇▇▇▇▇▇▇▇▇▇▇▇▇▇ 31%
Total 1.2s

[36mCompleted in 3.911s at Wed Jul 22 2015 13:05:16 GMT-0500 (CDT)[39m - Waiting...
[32m>> [39mFile ".tmp/app/app.css" changed.
[36mCompleted in 0.000s at Wed Jul 22 2015 13:05:16 GMT-0500 (CDT)[39m - Waiting...
[32m>> [39mFile "client/app/main/main.styl" changed.
[4mRunning "injector:stylus" (injector) task[24m
[90mMissing option `template`, using `dest` as template instead[39m
Injecting [32mstyl[39m files [90m(2 files)[39m
[32m>> [39mNothing changed

[32mDone, without errors.[39m


Execution Time (2015-07-22 18:07:02 UTC)
loading tasks    172ms  ▇▇▇▇▇▇▇▇▇▇▇▇▇▇▇▇▇▇▇▇▇▇▇▇▇▇▇▇▇▇▇▇▇▇▇▇▇▇▇ 86%
injector:stylus   27ms  ▇▇▇▇▇▇▇ 13%
Total 201ms

[4mRunning "stylus:server" (stylus) task[24m
[32m>> [39m1 file created.

[4mRunning "autoprefixer:dist" (autoprefixer) task[24m
File .tmp/app/app.css created.

[32mDone, without errors.[39m


Execution Time (2015-07-22 18:07:03 UTC)
loading tasks      212ms  ▇▇▇▇▇▇▇ 16%
stylus:server      709ms  ▇▇▇▇▇▇▇▇▇▇▇▇▇▇▇▇▇▇▇▇▇▇▇ 53%
autoprefixer:dist  423ms  ▇▇▇▇▇▇▇▇▇▇▇▇▇▇ 31%
Total 1.3s

[36mCompleted in 4.674s at Wed Jul 22 2015 13:07:04 GMT-0500 (CDT)[39m - Waiting...
[32m>> [39mFile ".tmp/app/app.css" changed.
[36mCompleted in 0.000s at Wed Jul 22 2015 13:07:04 GMT-0500 (CDT)[39m - Waiting...
[32m>> [39mFile "client/app/main/main.styl" changed.
[4mRunning "injector:stylus" (injector) task[24m
[90mMissing option `template`, using `dest` as template instead[39m
Injecting [32mstyl[39m files [90m(2 files)[39m
[32m>> [39mNothing changed

[32mDone, without errors.[39m


Execution Time (2015-07-22 18:07:13 UTC)
loading tasks    150ms  ▇▇▇▇▇▇▇▇▇▇▇▇▇▇▇▇▇▇▇▇▇▇▇▇▇▇▇▇▇▇▇▇▇▇▇▇▇▇▇▇ 87%
injector:stylus   22ms  ▇▇▇▇▇▇ 13%
Total 173ms

[4mRunning "stylus:server" (stylus) task[24m
[32m>> [39m1 file created.

[4mRunning "autoprefixer:dist" (autoprefixer) task[24m
File .tmp/app/app.css created.

[32mDone, without errors.[39m


Execution Time (2015-07-22 18:07:14 UTC)
loading tasks      176ms  ▇▇▇▇▇▇ 12%
stylus:server      799ms  ▇▇▇▇▇▇▇▇▇▇▇▇▇▇▇▇▇▇▇▇▇▇▇▇ 55%
autoprefixer:dist  488ms  ▇▇▇▇▇▇▇▇▇▇▇▇▇▇▇ 33%
Total 1.5s

[36mCompleted in 4.427s at Wed Jul 22 2015 13:07:15 GMT-0500 (CDT)[39m - Waiting...
[32m>> [39mFile ".tmp/app/app.css" changed.
[36mCompleted in 0.000s at Wed Jul 22 2015 13:07:15 GMT-0500 (CDT)[39m - Waiting...
